<?xml version="1.0" encoding="utf-8"?><testsuites name="pytest tests"><testsuite name="pytest" errors="0" failures="0" skipped="0" tests="5" time="2.289" timestamp="2026-05-10T07:06:11.866439+00:00" hostname="agent-env-7bf1a137-2088-48b1-b00c-f71e85d1e26a"><testcase classname="backend.tests.test_backend_api" name="test_root" time="0.234" /><testcase classname="backend.tests.test_backend_api" name="test_status_create_and_list" time="0.198" /><testcase classname="backend.tests.test_backend_api" name="test_ai_insights_default" time="1.404" /><testcase classname="backend.tests.test_backend_api" name="test_ai_insights_telugu_locale" time="0.137" /><testcase classname="backend.tests.test_backend_api" name="test_ai_insights_empty_payload" time="0.101" /></testsuite></testsuites>